<?xml version="1.0" encoding="UTF-8"?>
<testsuite name="PingPongTest" tests="4" skipped="0" failures="0" errors="0" timestamp="2016-04-18T22:35:32" hostname="epicodus-49.local" time="0.002">
  <properties/>
  <testcase name="checkPingPong_forDivisibleBy3ButNot15" classname="PingPongTest" time="0.001"/>
  <testcase name="checkPingPong_forDivisibleBy5ButNot15" classname="PingPongTest" time="0.0"/>
  <testcase name="checkPingPong_forCountUp" classname="PingPongTest" time="0.0"/>
  <testcase name="checkPingPong_forDivisibleBy15" classname="PingPongTest" time="0.0"/>
  <system-out><![CDATA[]]></system-out>
  <system-err><![CDATA[]]></system-err>
</testsuite>
